<?xml version="1.0" encoding="UTF-8"?>
<testsuites name="jest tests" tests="26" failures="4" time="2.45">
  <testsuite name="Reservation Page Tests" errors="0" failures="1" skipped="0" timestamp="2022-04-17T18:35:05" time="1.071" tests="3">
    <testcase classname="Reservation Page Tests Check if fetch call for the reservations was made and data was received" name="Reservation Page Tests Check if fetch call for the reservations was made and data was received" time="0.063">
    </testcase>
    <testcase classname="Reservation Page Tests Catches errors and returns null" name="Reservation Page Tests Catches errors and returns null" time="0.028">
    </testcase>
    <testcase classname="Reservation Page Tests Adding reservation to table" name="Reservation Page Tests Adding reservation to table" time="0.069">
      <failure>Error: expect(received).toBe(expected) // Object.is equality

Expected: &quot;block&quot;
Received: &quot;none&quot;
    at Object.&lt;anonymous&gt; (/home/shekhar/Desktop/ QtripDynamics/frontend/__tests__/modules/reservation_page.test.js:80:7)
    at Object.asyncJestTest (/home/shekhar/Desktop/ QtripDynamics/frontend/__tests__/node_modules/jest-jasmine2/build/jasmineAsyncInstall.js:106:37)
    at /home/shekhar/Desktop/ QtripDynamics/frontend/__tests__/node_modules/jest-jasmine2/build/queueRunner.js:45:12
    at new Promise (&lt;anonymous&gt;)
    at mapper (/home/shekhar/Desktop/ QtripDynamics/frontend/__tests__/node_modules/jest-jasmine2/build/queueRunner.js:28:19)
    at /home/shekhar/Desktop/ QtripDynamics/frontend/__tests__/node_modules/jest-jasmine2/build/queueRunner.js:75:41
    at processTicksAndRejections (internal/process/task_queues.js:95:5)</failure>
    </testcase>
  </testsuite>
  <testsuite name="Adventure Page Tests" errors="0" failures="1" skipped="0" timestamp="2022-04-17T18:35:05" time="1.284" tests="10">
    <testcase classname="Adventure Page Tests Extract city from URL Params" name="Adventure Page Tests Extract city from URL Params" time="0.071">
    </testcase>
    <testcase classname="Adventure Page Tests Check if fetch call for the adventures was made and data was received" name="Adventure Page Tests Check if fetch call for the adventures was made and data was received" time="0.04">
    </testcase>
    <testcase classname="Adventure Page Tests Catches errors and returns null" name="Adventure Page Tests Catches errors and returns null" time="0.037">
    </testcase>
    <testcase classname="Adventure Page Tests Tries adding a new Adventure - Park" name="Adventure Page Tests Tries adding a new Adventure - Park" time="0.03">
    </testcase>
    <testcase classname="Adventure Page Tests Check if City Card is linked correctly to Adventures page" name="Adventure Page Tests Check if City Card is linked correctly to Adventures page" time="0.052">
    </testcase>
    <testcase classname="Adventure Page Tests Check if filter by duration is working" name="Adventure Page Tests Check if filter by duration is working" time="0.035">
    </testcase>
    <testcase classname="Adventure Page Tests Check if filter by category is working" name="Adventure Page Tests Check if filter by category is working" time="0.053">
      <failure>TypeError: Cannot read property &apos;includes&apos; of undefined
    at filter (/home/shekhar/Desktop/ QtripDynamics/frontend/modules/adventures_page.js:80:37)
    at Array.filter (&lt;anonymous&gt;)
    at filterByCategory (/home/shekhar/Desktop/ QtripDynamics/frontend/modules/adventures_page.js:78:39)
    at Object.&lt;anonymous&gt; (/home/shekhar/Desktop/ QtripDynamics/frontend/__tests__/modules/adventures_page.test.js:175:18)
    at Object.asyncJestTest (/home/shekhar/Desktop/ QtripDynamics/frontend/__tests__/node_modules/jest-jasmine2/build/jasmineAsyncInstall.js:106:37)
    at /home/shekhar/Desktop/ QtripDynamics/frontend/__tests__/node_modules/jest-jasmine2/build/queueRunner.js:45:12
    at new Promise (&lt;anonymous&gt;)
    at mapper (/home/shekhar/Desktop/ QtripDynamics/frontend/__tests__/node_modules/jest-jasmine2/build/queueRunner.js:28:19)
    at /home/shekhar/Desktop/ QtripDynamics/frontend/__tests__/node_modules/jest-jasmine2/build/queueRunner.js:75:41
    at processTicksAndRejections (internal/process/task_queues.js:95:5)</failure>
    </testcase>
    <testcase classname="Adventure Page Tests Check if filter by category and filter by duration are both working simultaneously" name="Adventure Page Tests Check if filter by category and filter by duration are both working simultaneously" time="0.041">
    </testcase>
    <testcase classname="Adventure Page Tests Check if filter is being added to local storage" name="Adventure Page Tests Check if filter is being added to local storage" time="0.032">
    </testcase>
    <testcase classname="Adventure Page Tests Check if filter is being retrieved from local storage" name="Adventure Page Tests Check if filter is being retrieved from local storage" time="0.056">
    </testcase>
  </testsuite>
  <testsuite name="Landing Page Tests" errors="0" failures="0" skipped="0" timestamp="2022-04-17T18:35:07" time="0.366" tests="4">
    <testcase classname="Landing Page Tests fetchCities() - Makes a fetch call for /cities API endpoint and returns an array with the cities data" name="Landing Page Tests fetchCities() - Makes a fetch call for /cities API endpoint and returns an array with the cities data" time="0.031">
    </testcase>
    <testcase classname="Landing Page Tests fetchCities() - Catches error and returns null, if fetch call fails " name="Landing Page Tests fetchCities() - Catches error and returns null, if fetch call fails " time="0.018">
    </testcase>
    <testcase classname="Landing Page Tests addCityToDOM() - Adds a new city, London with id value of &lt;a&gt; tag set as london" name="Landing Page Tests addCityToDOM() - Adds a new city, London with id value of &lt;a&gt; tag set as london" time="0.018">
    </testcase>
    <testcase classname="Landing Page Tests addCityToDOM() - Correctly links city card to the corresponding Adventures page" name="Landing Page Tests addCityToDOM() - Correctly links city card to the corresponding Adventures page" time="0.017">
    </testcase>
  </testsuite>
  <testsuite name="Adventure Detail Page Tests" errors="0" failures="2" skipped="0" timestamp="2022-04-17T18:35:05" time="1.418" tests="9">
    <testcase classname="Adventure Detail Page Tests Extract city from URL Params" name="Adventure Detail Page Tests Extract city from URL Params" time="0.074">
    </testcase>
    <testcase classname="Adventure Detail Page Tests Check if fetch call for the adventure details was made and data was received" name="Adventure Detail Page Tests Check if fetch call for the adventure details was made and data was received" time="0.079">
    </testcase>
    <testcase classname="Adventure Detail Page Tests Catches errors and returns null" name="Adventure Detail Page Tests Catches errors and returns null" time="0.052">
    </testcase>
    <testcase classname="Adventure Detail Page Tests Tries adding a Adventure Details - Park" name="Adventure Detail Page Tests Tries adding a Adventure Details - Park" time="0.08">
      <failure>Error: expect(received).toBe(expected) // Object.is equality

Expected: &quot;Grand Dinyardlodge&quot;
Received: &quot;&quot;
    at Object.&lt;anonymous&gt; (/home/shekhar/Desktop/ QtripDynamics/frontend/__tests__/modules/adventure_details_page.test.js:96:65)
    at Object.asyncJestTest (/home/shekhar/Desktop/ QtripDynamics/frontend/__tests__/node_modules/jest-jasmine2/build/jasmineAsyncInstall.js:106:37)
    at /home/shekhar/Desktop/ QtripDynamics/frontend/__tests__/node_modules/jest-jasmine2/build/queueRunner.js:45:12
    at new Promise (&lt;anonymous&gt;)
    at mapper (/home/shekhar/Desktop/ QtripDynamics/frontend/__tests__/node_modules/jest-jasmine2/build/queueRunner.js:28:19)
    at /home/shekhar/Desktop/ QtripDynamics/frontend/__tests__/node_modules/jest-jasmine2/build/queueRunner.js:75:41
    at processTicksAndRejections (internal/process/task_queues.js:95:5)</failure>
    </testcase>
    <testcase classname="Adventure Detail Page Tests Check if bootstrap gallery is working" name="Adventure Detail Page Tests Check if bootstrap gallery is working" time="0.052">
    </testcase>
    <testcase classname="Adventure Detail Page Tests Check if conditional rendering is working" name="Adventure Detail Page Tests Check if conditional rendering is working" time="0.053">
      <failure>Error: expect(received).toBe(expected) // Object.is equality

Expected: &quot;1000&quot;
Received: &quot;0&quot;
    at Object.&lt;anonymous&gt; (/home/shekhar/Desktop/ QtripDynamics/frontend/__tests__/modules/adventure_details_page.test.js:150:74)
    at Object.asyncJestTest (/home/shekhar/Desktop/ QtripDynamics/frontend/__tests__/node_modules/jest-jasmine2/build/jasmineAsyncInstall.js:106:37)
    at /home/shekhar/Desktop/ QtripDynamics/frontend/__tests__/node_modules/jest-jasmine2/build/queueRunner.js:45:12
    at new Promise (&lt;anonymous&gt;)
    at mapper (/home/shekhar/Desktop/ QtripDynamics/frontend/__tests__/node_modules/jest-jasmine2/build/queueRunner.js:28:19)
    at /home/shekhar/Desktop/ QtripDynamics/frontend/__tests__/node_modules/jest-jasmine2/build/queueRunner.js:75:41
    at processTicksAndRejections (internal/process/task_queues.js:95:5)</failure>
    </testcase>
    <testcase classname="Adventure Detail Page Tests Check if reservation cost is calculated correctly and updated in DOM" name="Adventure Detail Page Tests Check if reservation cost is calculated correctly and updated in DOM" time="0.033">
    </testcase>
    <testcase classname="Adventure Detail Page Tests Check if reservation banner is displayed" name="Adventure Detail Page Tests Check if reservation banner is displayed" time="0.02">
    </testcase>
    <testcase classname="Adventure Detail Page Tests Check if JQuery form submission is taking place" name="Adventure Detail Page Tests Check if JQuery form submission is taking place" time="0.033">
    </testcase>
  </testsuite>
</testsuites>