<?xml version="1.0" encoding="UTF-8"?>
<testsuites name="jest tests" tests="4" failures="2" time="1.1">
  <testsuite name="Landing Page Tests" errors="0" failures="2" skipped="0" timestamp="2022-04-11T12:57:52" time="0.608" tests="4">
    <testcase classname="Landing Page Tests fetchCities() - Makes a fetch call for /cities API endpoint and returns an array with the cities data" name="Landing Page Tests fetchCities() - Makes a fetch call for /cities API endpoint and returns an array with the cities data" time="0.033">
    </testcase>
    <testcase classname="Landing Page Tests fetchCities() - Catches error and returns null, if fetch call fails " name="Landing Page Tests fetchCities() - Catches error and returns null, if fetch call fails " time="0.013">
    </testcase>
    <testcase classname="Landing Page Tests addCityToDOM() - Adds a new city, London with id value of &lt;a&gt; tag set as london" name="Landing Page Tests addCityToDOM() - Adds a new city, London with id value of &lt;a&gt; tag set as london" time="0.014">
      <failure>Error: expect(received).toBeTruthy()

Received: null
    at Object.&lt;anonymous&gt; (/home/shekhar/Desktop/ QtripDynamics/frontend/__tests__/modules/landing_page.test.js:51:47)
    at Object.asyncJestTest (/home/shekhar/Desktop/ QtripDynamics/frontend/__tests__/node_modules/jest-jasmine2/build/jasmineAsyncInstall.js:106:37)
    at /home/shekhar/Desktop/ QtripDynamics/frontend/__tests__/node_modules/jest-jasmine2/build/queueRunner.js:45:12
    at new Promise (&lt;anonymous&gt;)
    at mapper (/home/shekhar/Desktop/ QtripDynamics/frontend/__tests__/node_modules/jest-jasmine2/build/queueRunner.js:28:19)
    at /home/shekhar/Desktop/ QtripDynamics/frontend/__tests__/node_modules/jest-jasmine2/build/queueRunner.js:75:41</failure>
    </testcase>
    <testcase classname="Landing Page Tests addCityToDOM() - Correctly links city card to the corresponding Adventures page" name="Landing Page Tests addCityToDOM() - Correctly links city card to the corresponding Adventures page" time="0.016">
      <failure>TypeError: Cannot read property &apos;href&apos; of null
    at Object.&lt;anonymous&gt; (/home/shekhar/Desktop/ QtripDynamics/frontend/__tests__/modules/landing_page.test.js:57:12)
    at Object.asyncJestTest (/home/shekhar/Desktop/ QtripDynamics/frontend/__tests__/node_modules/jest-jasmine2/build/jasmineAsyncInstall.js:106:37)
    at /home/shekhar/Desktop/ QtripDynamics/frontend/__tests__/node_modules/jest-jasmine2/build/queueRunner.js:45:12
    at new Promise (&lt;anonymous&gt;)
    at mapper (/home/shekhar/Desktop/ QtripDynamics/frontend/__tests__/node_modules/jest-jasmine2/build/queueRunner.js:28:19)
    at /home/shekhar/Desktop/ QtripDynamics/frontend/__tests__/node_modules/jest-jasmine2/build/queueRunner.js:75:41</failure>
    </testcase>
  </testsuite>
</testsuites>